<?xml version="1.0" encoding="UTF-8"?>
<testsuite name="screen.SignUpScreenTest" tests="1" skipped="0" failures="0" errors="0" timestamp="2025-11-14T17:32:31" hostname="yunseungjuui-MacBookPro.local" time="0.952">
  <properties/>
  <testcase name="testSubmit_WithSpaces_ShouldTrimID()" classname="screen.SignUpScreenTest" time="0.952"/>
  <system-out><![CDATA[]]></system-out>
  <system-err><![CDATA[WARNING: A Java agent has been loaded dynamically (/Users/yunseungju/.gradle/caches/modules-2/files-2.1/net.bytebuddy/byte-buddy-agent/1.14.12/be4984cb6fd1ef1d11f218a648889dfda44b8a15/byte-buddy-agent-1.14.12.jar)
WARNING: If a serviceability tool is in use, please run with -XX:+EnableDynamicAgentLoading to hide this warning
WARNING: If a serviceability tool is not in use, please run with -Djdk.instrument.traceUsage for more information
WARNING: Dynamic loading of agents will be disallowed by default in a future release
]]></system-err>
</testsuite>
