<?xml version="1.0" encoding="UTF-8"?>
<testsuite name="entity.BossShipTest" tests="4" skipped="0" failures="0" errors="0" timestamp="2025-11-18T12:58:35" hostname="이유빈" time="0.053">
  <properties/>
  <testcase name="initialHealthIsSetCorrectly()" classname="entity.BossShipTest" time="0.047"/>
  <testcase name="bossDestroysWhenHealthReachesZero()" classname="entity.BossShipTest" time="0.002"/>
  <testcase name="healthDecrementsByOneOnHit()" classname="entity.BossShipTest" time="0.001"/>
  <testcase name="pointAndCoinValuesAreCorrect()" classname="entity.BossShipTest" time="0.001"/>
  <system-out><![CDATA[]]></system-out>
  <system-err><![CDATA[]]></system-err>
</testsuite>
