<?xml version="1.0" encoding="UTF-8"?>
<testsuite name="entity.ShipTest" tests="3" skipped="0" failures="0" errors="0" timestamp="2025-11-11T05:08:27" hostname="QJSRO" time="0.103">
  <properties/>
  <testcase name="testShip_NormalType_ShouldHaveBaseSpeed()" classname="entity.ShipTest" time="0.092"/>
  <testcase name="testShip_BigShotType_ShouldHaveSlowSpeed()" classname="entity.ShipTest" time="0.002"/>
  <testcase name="testShip_MoveFastType_ShouldHaveFastSpeed()" classname="entity.ShipTest" time="0.002"/>
  <system-out><![CDATA[]]></system-out>
  <system-err><![CDATA[]]></system-err>
</testsuite>
